<?xml version="1.0" encoding="UTF-8"?>
<testng-results ignored="0" total="1" passed="1" failed="0" skipped="0">
  <reporter-output>
  </reporter-output>
  <suite started-at="2026-08-22T19:24:39 IST" name="Default suite" finished-at="2026-08-22T19:24:41 IST" duration-ms="2706">
    <groups>
    </groups>
    <test started-at="2026-08-22T19:24:39 IST" name="Default test" finished-at="2026-08-22T19:24:41 IST" duration-ms="2706">
      <class name="demo.SampleTest">
        <test-method signature="case1()[pri:0, instance:demo.SampleTest@6c64cb25]" started-at="2026-08-22T19:24:39 IST" name="case1" finished-at="2026-08-22T19:24:41 IST" duration-ms="2694" status="PASS">
          <reporter-output>
          </reporter-output>
        </test-method> <!-- case1 -->
      </class> <!-- demo.SampleTest -->
    </test> <!-- Default test -->
  </suite> <!-- Default suite -->
</testng-results>
